d:\code\gateserver\gateserver\x64\debug\vc143.pdb
d:\code\gateserver\gateserver\x64\debug\vc143.idb
d:\code\gateserver\gateserver\x64\debug\verifygrpcclient.obj
d:\code\gateserver\gateserver\x64\debug\redismgr.obj
d:\code\gateserver\gateserver\x64\debug\mysqldao.obj
d:\code\gateserver\gateserver\x64\debug\message.pb.obj
d:\code\gateserver\gateserver\x64\debug\message.grpc.pb.obj
d:\code\gateserver\gateserver\x64\debug\loginsystem.obj
d:\code\gateserver\gateserver\x64\debug\httpconnection.obj
d:\code\gateserver\gateserver\x64\debug\gateserver.obj
d:\code\gateserver\gateserver\x64\debug\cserver.obj
d:\code\gateserver\gateserver\x64\debug\configmgr.obj
d:\code\gateserver\gateserver\x64\debug\asioioservicepool.obj
d:\code\gateserver\gateserver\x64\debug\mysqlmgr.obj
d:\code\gateserver\x64\debug\gateserver.exe
d:\code\gateserver\x64\debug\gateserver.pdb
d:\code\gateserver\gateserver\x64\debug\gateserver.ilk
d:\code\gateserver\gateserver\x64\debug\gateserver.tlog\cl.command.1.tlog
d:\code\gateserver\gateserver\x64\debug\gateserver.tlog\cl.items.tlog
d:\code\gateserver\gateserver\x64\debug\gateserver.tlog\cl.read.1.tlog
d:\code\gateserver\gateserver\x64\debug\gateserver.tlog\cl.write.1.tlog
d:\code\gateserver\gateserver\x64\debug\gateserver.tlog\link.command.1.tlog
d:\code\gateserver\gateserver\x64\debug\gateserver.tlog\link.read.1.tlog
d:\code\gateserver\gateserver\x64\debug\gateserver.tlog\link.secondary.1.tlog
d:\code\gateserver\gateserver\x64\debug\gateserver.tlog\link.write.1.tlog
